<?xml version="1.0" encoding="UTF-8"?>
<!-- Generated by org.testng.reporters.JUnitReportReporter -->
<testsuite skipped="0" hostname="Sheiks-Air" name="com.testrunner.TestRunner" tests="1" failures="0" timestamp="14 Feb 2020 06:30:40 GMT" time="6.457" errors="0">
  <testcase name="feature" time="6.457" classname="com.testrunner.TestRunner"/>
</testsuite> <!-- com.testrunner.TestRunner -->
